<?xml version="1.0" encoding="UTF-8"?>
<!-- Generated by org.testng.reporters.JUnitReportReporter -->
<testsuite skipped="0" hostname="WIN-GEDESCREUP8" name="testPackage.NewTest" tests="1" failures="0" timestamp="24 Feb 2018 17:57:44 GMT" time="1.549" errors="0">
  <testcase name="mavenTest" time="1.549" classname="testPackage.NewTest"/>
</testsuite> <!-- testPackage.NewTest -->
